[debug] [2022-04-19T10:00:29.955Z] ----------------------------------------------------------------------
[debug] [2022-04-19T10:00:29.973Z] Command:       C:\Program Files\nodejs\node.exe C:\Users\MH Abir Islam Abir\AppData\Roaming\npm\node_modules\firebase-tools\lib\bin\firebase.js init
[debug] [2022-04-19T10:00:29.974Z] CLI Version:   10.6.0
[debug] [2022-04-19T10:00:29.974Z] Platform:      win32
[debug] [2022-04-19T10:00:29.974Z] Node Version:  v17.3.0
[debug] [2022-04-19T10:00:30.219Z] Time:          Tue Apr 19 2022 16:00:29 GMT+0600 (Bangladesh Standard Time)
[debug] [2022-04-19T10:00:30.219Z] ----------------------------------------------------------------------
[debug] 
[debug] [2022-04-19T10:00:30.530Z] > command requires scopes: ["email","openid","https://www.googleapis.com/auth/cloudplatformprojects.readonly","https://www.googleapis.com/auth/firebase","https://www.googleapis.com/auth/cloud-platform"]
[debug] [2022-04-19T10:00:30.531Z] > authorizing via signed-in user (mohammadmehedihasan84@gmail.com)
[info] 
     ######## #### ########  ######## ########     ###     ######  ########
     ##        ##  ##     ## ##       ##     ##  ##   ##  ##       ##
     ######    ##  ########  ######   ########  #########  ######  ######
     ##        ##  ##    ##  ##       ##     ## ##     ##       ## ##
     ##       #### ##     ## ######## ########  ##     ##  ######  ########

You're about to initialize a Firebase project in this directory:

  C:\projects\assaignment-10

Before we get started, keep in mind:

  * You are currently outside your home directory
  * You are initializing within an existing Firebase project directory

